13:28:16.426 Running build in Washington, D.C., USA (East) â€“ iad1
13:28:16.426 Build machine configuration: 2 cores, 8 GB
13:28:16.447 Cloning github.com/Appsbydare/mfc-payment-frontend (Branch: main, Commit: 3b45dfe)
13:28:16.967 Cloning completed: 519.000ms
13:28:17.280 Restored build cache from previous deployment (EwSFWa9W4Do8W9uHizJzAYwqHT1B)
13:28:17.823 Running "vercel build"
13:28:18.212 Vercel CLI 48.2.0
13:28:18.786 Installing dependencies...
13:28:20.145 npm warn deprecated npmlog@5.0.1: This package is no longer supported.
13:28:20.155 npm warn deprecated are-we-there-yet@2.0.0: This package is no longer supported.
13:28:20.188 npm warn deprecated gauge@3.0.2: This package is no longer supported.
13:28:22.862 
13:28:22.862 up to date in 4s
13:28:22.862 
13:28:22.863 86 packages are looking for funding
13:28:22.863   run `npm fund` for details
13:28:23.007 
13:28:23.007 > mfc-payment-frontend@1.0.0 build
13:28:23.008 > tsc && vite build
13:28:23.008 
13:28:27.762 src/pages/VerificationManager.tsx(870,14): error TS1109: Expression expected.
13:28:27.763 src/pages/VerificationManager.tsx(900,11): error TS1128: Declaration or statement expected.
13:28:27.764 src/pages/VerificationManager.tsx(904,11): error TS2657: JSX expressions must have one parent element.
13:28:27.764 src/pages/VerificationManager.tsx(1272,9): error TS1128: Declaration or statement expected.
13:28:27.764 src/pages/VerificationManager.tsx(1274,7): error TS1109: Expression expected.
13:28:27.765 src/pages/VerificationManager.tsx(1274,8): error TS1128: Declaration or statement expected.
13:28:27.765 src/pages/VerificationManager.tsx(1425,5): error TS1128: Declaration or statement expected.
13:28:27.765 src/pages/VerificationManager.tsx(1427,3): error TS1109: Expression expected.
13:28:27.765 src/pages/VerificationManager.tsx(1429,1): error TS1128: Declaration or statement expected.
13:28:27.784 Error: Command "npm run build" exited with 2